2025-07-04 13:54:43,597 - INFO - core.logger - Iniciando aplicación de gestión de audios
2025-07-04 13:55:05,994 - INFO - core.logger - Iniciando aplicación de gestión de audios
2025-07-04 13:55:05,995 - WARNING - core.logger - Solicitud de vaciado completo del bucket: tests-devops
2025-07-04 13:55:09,140 - INFO - core.logger - Iniciando vaciado completo del bucket: tests-devops
2025-07-04 13:55:09,140 - INFO - core.borrar_s3 - Iniciando vaciado completo del bucket: tests-devops
2025-07-04 13:55:09,523 - INFO - core.borrar_s3 - Se encontraron 30 objetos para eliminar
2025-07-04 13:55:09,524 - INFO - core.borrar_s3 - Eliminando 30 archivos del bucket: tests-devops
2025-07-04 13:55:09,524 - INFO - core.borrar_s3 - Eliminando archivo: andesbpo-7/andesbpo-100984245-3004845839-1700460000.mp3 del bucket: tests-devops
2025-07-04 13:55:09,829 - INFO - core.borrar_s3 - Archivo eliminado exitosamente: andesbpo-7/andesbpo-100984245-3004845839-1700460000.mp3
2025-07-04 13:55:09,830 - INFO - core.borrar_s3 - Eliminando archivo: andesbpo-7/andesbpo-123498759-3004050023-1700580048.mp3 del bucket: tests-devops
2025-07-04 13:55:10,400 - INFO - core.borrar_s3 - Archivo eliminado exitosamente: andesbpo-7/andesbpo-123498759-3004050023-1700580048.mp3
2025-07-04 13:55:10,401 - INFO - core.borrar_s3 - Eliminando archivo: andesbpo-7/andesbpo-123840839-3004820398-1705084500.mp3 del bucket: tests-devops
2025-07-04 13:55:10,714 - INFO - core.borrar_s3 - Archivo eliminado exitosamente: andesbpo-7/andesbpo-123840839-3004820398-1705084500.mp3
2025-07-04 13:55:10,714 - INFO - core.borrar_s3 - Eliminando archivo: andesbpo-7/andesbpo-129475893-3118573908-1700507900.mp3 del bucket: tests-devops
2025-07-04 13:55:10,879 - INFO - core.borrar_s3 - Archivo eliminado exitosamente: andesbpo-7/andesbpo-129475893-3118573908-1700507900.mp3
2025-07-04 13:55:10,879 - INFO - core.borrar_s3 - Eliminando archivo: andesbpo-7/andesbpo-93473892-3001852498-1700509000.mp3 del bucket: tests-devops
2025-07-04 13:55:11,044 - INFO - core.borrar_s3 - Archivo eliminado exitosamente: andesbpo-7/andesbpo-93473892-3001852498-1700509000.mp3
2025-07-04 13:55:11,044 - INFO - core.borrar_s3 - Eliminando archivo: andesbpo-7/andesbpo-94323948-3004298850-1700659000.mp3 del bucket: tests-devops
2025-07-04 13:55:11,342 - INFO - core.borrar_s3 - Archivo eliminado exitosamente: andesbpo-7/andesbpo-94323948-3004298850-1700659000.mp3
2025-07-04 13:55:11,343 - INFO - core.borrar_s3 - Eliminando archivo: andesbpo-7/andesbpo-94839480-3004918394-1700487090.mp3 del bucket: tests-devops
2025-07-04 13:55:11,646 - INFO - core.borrar_s3 - Archivo eliminado exitosamente: andesbpo-7/andesbpo-94839480-3004918394-1700487090.mp3
2025-07-04 13:55:11,646 - INFO - core.borrar_s3 - Eliminando archivo: andesbpo-7/andesbpo-94853123-3009895948-1740507000.mp3 del bucket: tests-devops
2025-07-04 13:55:11,946 - INFO - core.borrar_s3 - Archivo eliminado exitosamente: andesbpo-7/andesbpo-94853123-3009895948-1740507000.mp3
2025-07-04 13:55:11,946 - INFO - core.borrar_s3 - Eliminando archivo: andesbpo-7/andesbpo-987642654-3167368776-1740477300.mp3 del bucket: tests-devops
2025-07-04 13:55:12,238 - INFO - core.borrar_s3 - Archivo eliminado exitosamente: andesbpo-7/andesbpo-987642654-3167368776-1740477300.mp3
2025-07-04 13:55:12,238 - INFO - core.borrar_s3 - Eliminando archivo: contento-7/contento-1008397492-3108405804-1700495080.mp3 del bucket: tests-devops
2025-07-04 13:55:12,535 - INFO - core.borrar_s3 - Archivo eliminado exitosamente: contento-7/contento-1008397492-3108405804-1700495080.mp3
2025-07-04 13:55:12,535 - INFO - core.borrar_s3 - Eliminando archivo: contento-7/contento-1008904850-3001884920-17040608790.mp3 del bucket: tests-devops
2025-07-04 13:55:12,828 - INFO - core.borrar_s3 - Archivo eliminado exitosamente: contento-7/contento-1008904850-3001884920-17040608790.mp3
2025-07-04 13:55:12,828 - INFO - core.borrar_s3 - Eliminando archivo: contento-7/contento-10089842039-3004894850-1705084909.mp3 del bucket: tests-devops
2025-07-04 13:55:13,123 - INFO - core.borrar_s3 - Archivo eliminado exitosamente: contento-7/contento-10089842039-3004894850-1705084909.mp3
2025-07-04 13:55:13,123 - INFO - core.borrar_s3 - Eliminando archivo: contento-7/contento-1008984759-3204750948-17009847508.mp3 del bucket: tests-devops
2025-07-04 13:55:13,293 - INFO - core.borrar_s3 - Archivo eliminado exitosamente: contento-7/contento-1008984759-3204750948-17009847508.mp3
2025-07-04 13:55:13,293 - INFO - core.borrar_s3 - Eliminando archivo: contento-7/contento-1009847293-3004875940-1740687904.mp3 del bucket: tests-devops
2025-07-04 13:55:13,589 - INFO - core.borrar_s3 - Archivo eliminado exitosamente: contento-7/contento-1009847293-3004875940-1740687904.mp3
2025-07-04 13:55:13,589 - INFO - core.borrar_s3 - Eliminando archivo: contento-7/contento-1234895080-3004875909-1700898750.mp3 del bucket: tests-devops
2025-07-04 13:55:13,750 - INFO - core.borrar_s3 - Archivo eliminado exitosamente: contento-7/contento-1234895080-3004875909-1700898750.mp3
2025-07-04 13:55:13,750 - INFO - core.borrar_s3 - Eliminando archivo: contento-7/contento-349857087-3104908509-1700897659.mp3 del bucket: tests-devops
2025-07-04 13:55:13,942 - INFO - core.borrar_s3 - Archivo eliminado exitosamente: contento-7/contento-349857087-3104908509-1700897659.mp3
2025-07-04 13:55:13,942 - INFO - core.borrar_s3 - Eliminando archivo: contento-7/contento-394827394-3129394750-1720405874.mp3 del bucket: tests-devops
2025-07-04 13:55:14,114 - INFO - core.borrar_s3 - Archivo eliminado exitosamente: contento-7/contento-394827394-3129394750-1720405874.mp3
2025-07-04 13:55:14,115 - INFO - core.borrar_s3 - Eliminando archivo: contento-7/contento-41738947-3167389996-1700587289.mp3 del bucket: tests-devops
2025-07-04 13:55:14,276 - INFO - core.borrar_s3 - Archivo eliminado exitosamente: contento-7/contento-41738947-3167389996-1700587289.mp3
2025-07-04 13:55:14,276 - INFO - core.borrar_s3 - Eliminando archivo: contento-7/contento-418475908-3175690875-17008957038.mp3 del bucket: tests-devops
2025-07-04 13:55:14,450 - INFO - core.borrar_s3 - Archivo eliminado exitosamente: contento-7/contento-418475908-3175690875-17008957038.mp3
2025-07-04 13:55:14,450 - INFO - core.borrar_s3 - Eliminando archivo: contento-7/contento-41947594-3108504875-17008987658.mp3 del bucket: tests-devops
2025-07-04 13:55:14,617 - INFO - core.borrar_s3 - Archivo eliminado exitosamente: contento-7/contento-41947594-3108504875-17008987658.mp3
2025-07-04 13:55:14,618 - INFO - core.borrar_s3 - Eliminando archivo: konecta-7/konecta-1007894194-3168976590-1717200000.mp3 del bucket: tests-devops
2025-07-04 13:55:14,785 - INFO - core.borrar_s3 - Archivo eliminado exitosamente: konecta-7/konecta-1007894194-3168976590-1717200000.mp3
2025-07-04 13:55:14,786 - INFO - core.borrar_s3 - Eliminando archivo: konecta-7/konecta-1009283048-3203948995-1700948000.mp3 del bucket: tests-devops
2025-07-04 13:55:15,075 - INFO - core.borrar_s3 - Archivo eliminado exitosamente: konecta-7/konecta-1009283048-3203948995-1700948000.mp3
2025-07-04 13:55:15,075 - INFO - core.borrar_s3 - Eliminando archivo: konecta-7/konecta-10092837499-3100928394-1730496000.mp3 del bucket: tests-devops
2025-07-04 13:55:15,236 - INFO - core.borrar_s3 - Archivo eliminado exitosamente: konecta-7/konecta-10092837499-3100928394-1730496000.mp3
2025-07-04 13:55:15,236 - INFO - core.borrar_s3 - Eliminando archivo: konecta-7/konecta-1034829405-3179283749-17009384750.mp3 del bucket: tests-devops
2025-07-04 13:55:15,608 - INFO - core.borrar_s3 - Archivo eliminado exitosamente: konecta-7/konecta-1034829405-3179283749-17009384750.mp3
2025-07-04 13:55:15,608 - INFO - core.borrar_s3 - Eliminando archivo: konecta-7/konecta-1084938494-3004864758-1750370000.mp3 del bucket: tests-devops
2025-07-04 13:55:15,893 - INFO - core.borrar_s3 - Archivo eliminado exitosamente: konecta-7/konecta-1084938494-3004864758-1750370000.mp3
2025-07-04 13:55:15,893 - INFO - core.borrar_s3 - Eliminando archivo: konecta-7/konecta-121304954-3187849204-1750377600.mp3 del bucket: tests-devops
2025-07-04 13:55:16,056 - INFO - core.borrar_s3 - Archivo eliminado exitosamente: konecta-7/konecta-121304954-3187849204-1750377600.mp3
2025-07-04 13:55:16,056 - INFO - core.borrar_s3 - Eliminando archivo: konecta-7/konecta-1329458203-3203948502-1734005049.mp3 del bucket: tests-devops
2025-07-04 13:55:16,219 - INFO - core.borrar_s3 - Archivo eliminado exitosamente: konecta-7/konecta-1329458203-3203948502-1734005049.mp3
2025-07-04 13:55:16,219 - INFO - core.borrar_s3 - Eliminando archivo: konecta-7/konecta-3929482304-3004928304-173009484305.mp3 del bucket: tests-devops
2025-07-04 13:55:16,383 - INFO - core.borrar_s3 - Archivo eliminado exitosamente: konecta-7/konecta-3929482304-3004928304-173009484305.mp3
2025-07-04 13:55:16,383 - INFO - core.borrar_s3 - Eliminando archivo: konecta-7/konecta-3949284023-3009283940-170094858038.mp3 del bucket: tests-devops
2025-07-04 13:55:16,545 - INFO - core.borrar_s3 - Archivo eliminado exitosamente: konecta-7/konecta-3949284023-3009283940-170094858038.mp3
2025-07-04 13:55:16,545 - INFO - core.borrar_s3 - Eliminando archivo: konecta-7/konecta-3998948203-3291830482-1700394875.mp3 del bucket: tests-devops
2025-07-04 13:55:16,717 - INFO - core.borrar_s3 - Archivo eliminado exitosamente: konecta-7/konecta-3998948203-3291830482-1700394875.mp3
2025-07-04 13:55:16,717 - INFO - core.borrar_s3 - Eliminación múltiple completada: 30 exitosos, 0 errores
2025-07-04 13:55:16,717 - INFO - core.borrar_s3 - Vaciado completado: 30 eliminados, 0 errores
2025-07-04 13:55:16,717 - INFO - core.logger - Vaciado completado: 30 eliminados, 0 errores
2025-07-04 13:56:31,224 - INFO - core.logger - Iniciando aplicación de gestión de audios
2025-07-04 13:56:41,884 - INFO - core.logger - Iniciando aplicación de gestión de audios
2025-07-04 13:56:41,884 - INFO - core.logger - Iniciando subida masiva desde ruta: /home/danmarna/nuevo_proyecto/proyecto_solati/backend/cliente7 al bucket: tests-devops
2025-07-04 13:56:41,895 - INFO - core.logger - Se encontraron 31 archivos en 3 carpetas
2025-07-04 13:56:41,895 - INFO - core.subir_s3 - Iniciando subida masiva desde: /home/danmarna/nuevo_proyecto/proyecto_solati/backend/cliente7 al bucket: tests-devops
2025-07-04 13:56:41,895 - INFO - core.subir_s3 - Se encontraron 3 carpetas para procesar
2025-07-04 13:56:41,895 - INFO - core.subir_s3 - Procesando carpeta: konecta-7
2025-07-04 13:56:41,895 - INFO - core.subir_s3 - Subiendo carpeta: konecta-7 al bucket: tests-devops
2025-07-04 13:56:45,053 - INFO - core.subir_s3 - Procesando carpeta: contento-7
2025-07-04 13:56:45,053 - INFO - core.subir_s3 - Subiendo carpeta: contento-7 al bucket: tests-devops
2025-07-04 13:56:47,743 - INFO - core.subir_s3 - Procesando carpeta: andesbpo-7
2025-07-04 13:56:47,744 - INFO - core.subir_s3 - Subiendo carpeta: andesbpo-7 al bucket: tests-devops
2025-07-04 13:56:50,716 - INFO - core.subir_s3 - Subida masiva completada para 3 carpetas
2025-07-04 13:56:50,717 - INFO - core.logger - Subida masiva completada: 30 exitosos, 1 errores
2025-07-04 14:20:07,972 - INFO - core.logger - Iniciando aplicación de gestión de audios
2025-07-04 14:25:50,791 - INFO - core.logger - Iniciando aplicación de gestión de audios
2025-07-04 14:25:50,793 - INFO - core.logger - Ruta de trabajo: /home/danmarna/nuevo_proyecto/proyecto_solati/backend/cliente8
2025-07-04 14:25:50,793 - INFO - core.logger - Iniciando subida masiva desde ruta: /home/danmarna/nuevo_proyecto/proyecto_solati/backend/cliente8 al bucket: cliente8.adminfo.test
2025-07-04 14:25:50,803 - INFO - core.logger - Se encontraron 31 archivos en 3 carpetas
2025-07-04 14:25:50,803 - INFO - core.subir_s3 - Iniciando subida masiva desde: /home/danmarna/nuevo_proyecto/proyecto_solati/backend/cliente8 al bucket: cliente8.adminfo.test
2025-07-04 14:25:50,804 - INFO - core.subir_s3 - Se encontraron 3 carpetas para procesar
2025-07-04 14:25:50,804 - INFO - core.subir_s3 - Procesando carpeta: konecta-8
2025-07-04 14:25:50,804 - INFO - core.subir_s3 - Subiendo carpeta: konecta-8 al bucket: cliente8.adminfo.test
2025-07-04 14:25:55,250 - INFO - core.subir_s3 - Procesando carpeta: andesbpo-8
2025-07-04 14:25:55,250 - INFO - core.subir_s3 - Subiendo carpeta: andesbpo-8 al bucket: cliente8.adminfo.test
2025-07-04 14:25:59,403 - INFO - core.subir_s3 - Procesando carpeta: contento-8
2025-07-04 14:25:59,403 - INFO - core.subir_s3 - Subiendo carpeta: contento-8 al bucket: cliente8.adminfo.test
2025-07-04 14:26:02,129 - INFO - core.subir_s3 - Subida masiva completada para 3 carpetas
2025-07-04 14:26:02,130 - INFO - core.logger - Subida masiva completada: 30 exitosos, 1 errores
2025-07-04 14:29:22,790 - INFO - core.logger - Iniciando aplicación de gestión de audios
2025-07-04 14:29:40,025 - INFO - core.logger - Iniciando aplicación de gestión de audios
2025-07-04 14:29:40,025 - INFO - core.logger - Ruta de trabajo: /home/danmarna/nuevo_proyecto/proyecto_solati/backend/cliente9
2025-07-04 14:29:40,025 - INFO - core.logger - Iniciando subida masiva desde ruta: /home/danmarna/nuevo_proyecto/proyecto_solati/backend/cliente9 al bucket: cliente9.adminfo.test
2025-07-04 14:29:40,036 - INFO - core.logger - Se encontraron 31 archivos en 3 carpetas
2025-07-04 14:29:40,036 - INFO - core.subir_s3 - Iniciando subida masiva desde: /home/danmarna/nuevo_proyecto/proyecto_solati/backend/cliente9 al bucket: cliente9.adminfo.test
2025-07-04 14:29:40,036 - INFO - core.subir_s3 - Se encontraron 3 carpetas para procesar
2025-07-04 14:29:40,036 - INFO - core.subir_s3 - Procesando carpeta: konecta-9
2025-07-04 14:29:40,036 - INFO - core.subir_s3 - Subiendo carpeta: konecta-9 al bucket: cliente9.adminfo.test
2025-07-04 14:29:43,137 - INFO - core.subir_s3 - Procesando carpeta: contento-9
2025-07-04 14:29:43,137 - INFO - core.subir_s3 - Subiendo carpeta: contento-9 al bucket: cliente9.adminfo.test
2025-07-04 14:29:45,338 - INFO - core.subir_s3 - Procesando carpeta: andesbpo-9
2025-07-04 14:29:45,338 - INFO - core.subir_s3 - Subiendo carpeta: andesbpo-9 al bucket: cliente9.adminfo.test
2025-07-04 14:29:48,790 - INFO - core.subir_s3 - Subida masiva completada para 3 carpetas
2025-07-04 14:29:48,790 - INFO - core.logger - Subida masiva completada: 30 exitosos, 1 errores
